{"total": {"lines":{"total":96,"covered":95,"skipped":0,"pct":98.95},"statements":{"total":113,"covered":110,"skipped":0,"pct":97.34},"functions":{"total":21,"covered":21,"skipped":0,"pct":100},"branches":{"total":29,"covered":27,"skipped":0,"pct":93.1},"branchesTrue":{"total":0,"covered":0,"skipped":0,"pct":"Unknown"}}
,"/Users/jackmcpickle/Projects/github/eliteskills/src/libs/api/rate-limit.ts": {"lines":{"total":21,"covered":21,"skipped":0,"pct":100},"functions":{"total":3,"covered":3,"skipped":0,"pct":100},"statements":{"total":23,"covered":23,"skipped":0,"pct":100},"branches":{"total":4,"covered":4,"skipped":0,"pct":100}}
,"/Users/jackmcpickle/Projects/github/eliteskills/src/libs/api/spam.ts": {"lines":{"total":35,"covered":35,"skipped":0,"pct":100},"functions":{"total":10,"covered":10,"skipped":0,"pct":100},"statements":{"total":42,"covered":41,"skipped":0,"pct":97.61},"branches":{"total":13,"covered":12,"skipped":0,"pct":92.3}}
,"/Users/jackmcpickle/Projects/github/eliteskills/src/libs/api/tokens.ts": {"lines":{"total":40,"covered":39,"skipped":0,"pct":97.5},"functions":{"total":8,"covered":8,"skipped":0,"pct":100},"statements":{"total":48,"covered":46,"skipped":0,"pct":95.83},"branches":{"total":12,"covered":11,"skipped":0,"pct":91.66}}
}
