TN:
SF:src/libs/api/rate-limit.ts
FN:22,prune
FN:23,(anonymous_1)
FN:30,isRateLimited
FNF:3
FNH:3
FNDA:13,prune
FNDA:8,(anonymous_1)
FNDA:13,isRateLimited
DA:20,1
DA:23,13
DA:31,13
DA:32,13
DA:34,13
DA:35,13
DA:36,7
DA:37,7
DA:40,13
DA:42,13
DA:44,11
DA:45,11
DA:51,1
DA:52,1
DA:55,1
DA:56,1
DA:57,1
DA:60,1
DA:61,1
DA:64,1
DA:67,1
LF:21
LH:21
BRDA:35,0,0,7
BRDA:35,0,1,6
BRDA:42,1,0,2
BRDA:42,1,1,11
BRF:4
BRH:4
end_of_record
TN:
SF:src/libs/api/spam.ts
FN:21,pruneOld
FN:22,(anonymous_1)
FN:25,parseFormField
FN:31,checkHoneypot
FN:36,checkRateLimit
FN:54,parseBearer
FN:64,timingSafeEqual
FN:77,parseJsonBody
FN:85,jsonError
FN:92,jsonOk
FNF:10
FNH:10
FNDA:17,pruneOld
FNDA:35,(anonymous_1)
FNDA:6,parseFormField
FNDA:3,checkHoneypot
FNDA:17,checkRateLimit
FNDA:4,parseBearer
FNDA:4,timingSafeEqual
FNDA:2,parseJsonBody
FNDA:1,jsonError
FNDA:2,jsonOk
DA:12,1
DA:13,1
DA:19,1
DA:22,35
DA:26,6
DA:27,6
DA:28,3
DA:32,3
DA:33,3
DA:37,17
DA:38,17
DA:40,17
DA:41,4
DA:42,4
DA:45,17
DA:47,17
DA:49,16
DA:50,16
DA:55,4
DA:56,4
DA:57,2
DA:65,4
DA:66,4
DA:67,4
DA:68,4
DA:69,4
DA:70,4
DA:71,4
DA:72,128
DA:73,4
DA:78,2
DA:79,2
DA:81,1
DA:86,1
DA:93,2
LF:35
LH:35
BRDA:27,0,0,3
BRDA:27,0,1,3
BRDA:40,1,0,4
BRDA:40,1,1,13
BRDA:47,2,0,1
BRDA:47,2,1,16
BRDA:55,3,0,4
BRDA:55,3,1,1
BRDA:56,4,0,2
BRDA:56,4,1,2
BRDA:70,5,0,0
BRDA:70,5,1,4
BRDA:92,6,0,2
BRF:13
BRH:12
end_of_record
TN:
SF:src/libs/api/tokens.ts
FN:21,toBase64Url
FN:28,fromBase64Url
FN:36,getKey
FN:43,hmacSign
FN:49,hmacVerify
FN:55,generateJti
FN:62,createToken
FN:87,verifyToken
FNF:8
FNH:8
FNDA:27,toBase64Url
FNDA:10,fromBase64Url
FNDA:15,getKey
FNDA:9,hmacSign
FNDA:6,hmacVerify
FNDA:9,generateJti
FNDA:9,createToken
FNDA:9,verifyToken
DA:19,1
DA:22,27
DA:23,27
DA:24,1184
DA:25,27
DA:29,10
DA:30,10
DA:31,10
DA:32,539
DA:33,10
DA:37,15
DA:44,9
DA:45,9
DA:46,9
DA:50,6
DA:51,6
DA:52,6
DA:56,9
DA:57,9
DA:58,9
DA:68,9
DA:69,9
DA:76,9
DA:77,9
DA:78,9
DA:79,9
DA:92,9
DA:93,9
DA:95,6
DA:96,6
DA:98,6
DA:99,6
DA:101,4
DA:102,4
DA:103,4
DA:105,4
DA:107,3
DA:108,3
DA:110,2
DA:112,0
LF:40
LH:39
BRDA:93,0,0,3
BRDA:93,0,1,6
BRDA:96,1,0,0
BRDA:96,1,1,6
BRDA:96,2,0,6
BRDA:96,2,1,6
BRDA:99,3,0,2
BRDA:99,3,1,4
BRDA:105,4,0,1
BRDA:105,4,1,3
BRDA:108,5,0,1
BRDA:108,5,1,2
BRF:12
BRH:11
end_of_record
